<?xml version="1.0" encoding="UTF-8"?>
<testsuite name="assignmenttwo.solitares.StarTests" tests="4" skipped="0" failures="0" errors="0" timestamp="2024-02-21T05:57:35" hostname="machine" time="0.002">
  <properties/>
  <testcase name="testNameCannotBeNull()" classname="assignmenttwo.solitares.StarTests" time="0.0"/>
  <testcase name="testNameCannotBeEmpty()" classname="assignmenttwo.solitares.StarTests" time="0.001"/>
  <testcase name="testAvgRadiusMustBeLargerThan16699()" classname="assignmenttwo.solitares.StarTests" time="0.0"/>
  <testcase name="testStarCreation()" classname="assignmenttwo.solitares.StarTests" time="0.001"/>
  <system-out><![CDATA[]]></system-out>
  <system-err><![CDATA[]]></system-err>
</testsuite>
