<?xml version="1.0" encoding="UTF-8"?>
<testsuite name="assignmenttwo.refactoredsolitares.PlanetTest" tests="5" skipped="0" failures="0" errors="0" timestamp="2024-02-21T05:57:35" hostname="machine" time="0.004">
  <properties/>
  <testcase name="testPlanetConstructor_emptyName()" classname="assignmenttwo.refactoredsolitares.PlanetTest" time="0.001"/>
  <testcase name="testPlanetConstructor_validInput()" classname="assignmenttwo.refactoredsolitares.PlanetTest" time="0.0"/>
  <testcase name="testPlanetConstructor_nullName()" classname="assignmenttwo.refactoredsolitares.PlanetTest" time="0.0"/>
  <testcase name="testPlanetConstructor_radiusTooLarge()" classname="assignmenttwo.refactoredsolitares.PlanetTest" time="0.0"/>
  <testcase name="testPlanetConstructor_radiusTooSmall()" classname="assignmenttwo.refactoredsolitares.PlanetTest" time="0.001"/>
  <system-out><![CDATA[]]></system-out>
  <system-err><![CDATA[]]></system-err>
</testsuite>
