<?xml version="1.0" encoding="UTF-8"?>
<testsuite name="assignmenttwo.solarsystem.MoonTest" tests="6" skipped="0" failures="0" errors="0" timestamp="2024-02-21T05:57:35" hostname="machine" time="0.004">
  <properties/>
  <testcase name="testMoonConstructor_validInput()" classname="assignmenttwo.solarsystem.MoonTest" time="0.001"/>
  <testcase name="testMoonConstructor_nullName()" classname="assignmenttwo.solarsystem.MoonTest" time="0.0"/>
  <testcase name="testMoonConstructor_orbitRadiusTooSmall()" classname="assignmenttwo.solarsystem.MoonTest" time="0.0"/>
  <testcase name="testMoonConstructor_emptyName()" classname="assignmenttwo.solarsystem.MoonTest" time="0.001"/>
  <testcase name="testMoonConstructor_radiusTooLarge()" classname="assignmenttwo.solarsystem.MoonTest" time="0.0"/>
  <testcase name="testMoonConstructor_radiusTooSmall()" classname="assignmenttwo.solarsystem.MoonTest" time="0.0"/>
  <system-out><![CDATA[]]></system-out>
  <system-err><![CDATA[]]></system-err>
</testsuite>
