<?xml version="1.0" encoding="UTF-8"?>
<testsuite name="assignmenttwo.solitares.MoonTest" tests="5" skipped="0" failures="0" errors="0" timestamp="2024-02-21T05:57:35" hostname="machine" time="0.003">
  <properties/>
  <testcase name="testMoonConstructor_sizeTooLarge()" classname="assignmenttwo.solitares.MoonTest" time="0.001"/>
  <testcase name="testMoonConstructor_sizeTooSmall()" classname="assignmenttwo.solitares.MoonTest" time="0.0"/>
  <testcase name="testMoonConstructor_validInput()" classname="assignmenttwo.solitares.MoonTest" time="0.0"/>
  <testcase name="testMoonConstructor_nullName()" classname="assignmenttwo.solitares.MoonTest" time="0.0"/>
  <testcase name="testMoonConstructor_emptyName()" classname="assignmenttwo.solitares.MoonTest" time="0.001"/>
  <system-out><![CDATA[]]></system-out>
  <system-err><![CDATA[]]></system-err>
</testsuite>
